<?xml version="1.0" encoding="UTF-8"?>
<!-- Generated by org.testng.reporters.JUnitReportReporter -->
<testsuite hostname="DESKTOP-IR57A99" failures="0" tests="1" name="com.automationPractice.TestCases.DressesMenuTest" time="34.239" errors="0" timestamp="22 Jul 2021 12:54:46 GMT">
  <testcase classname="com.automationPractice.TestCases.DressesMenuTest" name="AddDresses" time="34.239"/>
</testsuite> <!-- com.automationPractice.TestCases.DressesMenuTest -->
